2025/04/23 07:10:09 main.go:61: Starting server on port 9100
2025/04/23 07:13:53 main.go:69: Shutting down server...
2025/04/23 07:13:53 main.go:76: Server exited, goodbye!
2025/04/23 07:14:32 main.go:62: Starting server on port 9100
2025/04/23 07:16:00 main.go:70: Shutting down server...
2025/04/23 07:16:00 main.go:77: Server exited, goodbye!
2025/04/23 07:20:10 main.go:62: Starting server on port 9100
2025/04/23 07:22:47 main.go:70: Shutting down server...
2025/04/23 07:22:47 main.go:77: Server exited, goodbye!
2025/04/23 07:23:22 main.go:62: Starting server on port 9100
2025/04/23 07:27:35 main.go:70: Shutting down server...
2025/04/23 07:27:35 main.go:77: Server exited, goodbye!
2025/04/23 07:27:49 main.go:62: Starting server on port 9100
2025/04/23 07:32:29 main.go:70: Shutting down server...
2025/04/23 07:32:29 main.go:77: Server exited, goodbye!
2025/04/23 07:33:00 main.go:75: Starting server on port 9100
2025/04/23 07:33:10 main.go:48: Received request for path: /health
2025/04/23 07:33:20 main.go:48: Received request for path: /health
2025/04/23 07:33:22 main.go:48: Received request for path: /auth/
2025/04/23 07:33:25 main.go:48: Received request for path: /auth
2025/04/23 07:33:30 main.go:48: Received request for path: /health
2025/04/23 07:33:37 main.go:48: Received request for path: /auth/shiet
2025/04/23 07:33:40 main.go:48: Received request for path: /health
2025/04/23 07:33:50 main.go:48: Received request for path: /health
2025/04/23 07:34:00 main.go:48: Received request for path: /health
2025/04/23 07:34:10 main.go:48: Received request for path: /health
2025/04/23 07:34:20 main.go:48: Received request for path: /health
2025/04/23 07:34:30 main.go:48: Received request for path: /health
2025/04/23 07:34:40 main.go:48: Received request for path: /health
2025/04/23 07:34:50 main.go:48: Received request for path: /health
2025/04/23 07:35:00 main.go:48: Received request for path: /health
2025/04/23 07:35:10 main.go:48: Received request for path: /health
2025/04/23 07:35:20 main.go:48: Received request for path: /health
2025/04/23 07:35:30 main.go:48: Received request for path: /health
2025/04/23 07:35:40 main.go:48: Received request for path: /health
2025/04/23 07:35:50 main.go:48: Received request for path: /health
2025/04/23 07:36:00 main.go:48: Received request for path: /health
2025/04/23 07:36:10 main.go:48: Received request for path: /health
2025/04/23 07:36:20 main.go:48: Received request for path: /health
2025/04/23 07:36:30 main.go:48: Received request for path: /health
2025/04/23 07:36:40 main.go:48: Received request for path: /health
2025/04/23 07:36:50 main.go:48: Received request for path: /health
2025/04/23 07:37:00 main.go:48: Received request for path: /health
2025/04/23 07:37:10 main.go:48: Received request for path: /health
2025/04/23 07:37:20 main.go:48: Received request for path: /health
2025/04/23 07:37:30 main.go:48: Received request for path: /health
2025/04/23 07:37:40 main.go:48: Received request for path: /health
2025/04/23 07:37:50 main.go:48: Received request for path: /health
2025/04/23 07:38:00 main.go:48: Received request for path: /health
2025/04/23 07:38:10 main.go:48: Received request for path: /health
2025/04/23 07:38:20 main.go:48: Received request for path: /health
2025/04/23 07:38:30 main.go:48: Received request for path: /health
2025/04/23 07:38:40 main.go:48: Received request for path: /health
2025/04/23 07:38:50 main.go:48: Received request for path: /health
2025/04/23 07:39:00 main.go:48: Received request for path: /health
2025/04/23 07:39:10 main.go:48: Received request for path: /health
2025/04/23 07:39:20 main.go:48: Received request for path: /health
2025/04/23 07:39:30 main.go:48: Received request for path: /health
2025/04/23 07:39:40 main.go:48: Received request for path: /health
2025/04/23 07:39:50 main.go:48: Received request for path: /health
2025/04/23 07:40:00 main.go:48: Received request for path: /health
2025/04/23 07:40:10 main.go:48: Received request for path: /health
2025/04/23 07:40:20 main.go:48: Received request for path: /health
2025/04/23 07:40:30 main.go:48: Received request for path: /health
2025/04/23 07:40:40 main.go:48: Received request for path: /health
2025/04/23 07:40:50 main.go:48: Received request for path: /health
2025/04/23 07:41:00 main.go:48: Received request for path: /health
2025/04/23 07:41:10 main.go:48: Received request for path: /health
2025/04/23 07:41:20 main.go:48: Received request for path: /health
2025/04/23 07:41:30 main.go:48: Received request for path: /health
2025/04/23 07:41:40 main.go:48: Received request for path: /health
2025/04/23 07:41:50 main.go:48: Received request for path: /health
2025/04/23 07:42:00 main.go:48: Received request for path: /health
2025/04/23 07:42:10 main.go:48: Received request for path: /health
2025/04/23 07:42:20 main.go:48: Received request for path: /health
2025/04/23 07:42:30 main.go:48: Received request for path: /health
2025/04/23 07:42:40 main.go:48: Received request for path: /health
2025/04/23 07:42:50 main.go:48: Received request for path: /health
2025/04/23 07:43:00 main.go:48: Received request for path: /health
2025/04/23 07:43:10 main.go:48: Received request for path: /health
2025/04/23 07:43:20 main.go:48: Received request for path: /health
2025/04/23 07:43:30 main.go:48: Received request for path: /health
2025/04/23 07:43:40 main.go:48: Received request for path: /health
2025/04/23 07:43:50 main.go:48: Received request for path: /health
2025/04/23 07:44:00 main.go:48: Received request for path: /health
2025/04/23 07:44:10 main.go:48: Received request for path: /health
2025/04/23 07:44:20 main.go:48: Received request for path: /health
2025/04/23 07:44:30 main.go:48: Received request for path: /health
2025/04/23 07:44:40 main.go:48: Received request for path: /health
2025/04/23 07:44:50 main.go:48: Received request for path: /health
2025/04/23 07:45:00 main.go:48: Received request for path: /health
2025/04/23 07:45:10 main.go:48: Received request for path: /health
2025/04/23 07:45:20 main.go:48: Received request for path: /health
2025/04/23 07:45:30 main.go:48: Received request for path: /health
2025/04/23 07:45:40 main.go:48: Received request for path: /health
2025/04/23 07:45:50 main.go:48: Received request for path: /health
2025/04/23 07:46:00 main.go:48: Received request for path: /health
2025/04/23 07:46:10 main.go:48: Received request for path: /health
2025/04/23 07:46:20 main.go:48: Received request for path: /health
2025/04/23 07:46:30 main.go:48: Received request for path: /health
2025/04/23 07:46:40 main.go:48: Received request for path: /health
2025/04/23 07:46:50 main.go:48: Received request for path: /health
2025/04/23 07:47:00 main.go:48: Received request for path: /health
2025/04/23 07:47:10 main.go:48: Received request for path: /health
2025/04/23 07:47:20 main.go:48: Received request for path: /health
2025/04/23 07:47:30 main.go:48: Received request for path: /health
2025/04/23 07:47:40 main.go:48: Received request for path: /health
2025/04/23 07:47:50 main.go:48: Received request for path: /health
2025/04/23 07:48:00 main.go:48: Received request for path: /health
2025/04/23 07:48:10 main.go:48: Received request for path: /health
2025/04/23 07:48:20 main.go:48: Received request for path: /health
2025/04/23 07:48:30 main.go:48: Received request for path: /health
2025/04/23 07:48:40 main.go:48: Received request for path: /health
2025/04/23 07:48:50 main.go:48: Received request for path: /health
2025/04/23 07:49:00 main.go:48: Received request for path: /health
2025/04/23 07:49:10 main.go:48: Received request for path: /health
2025/04/23 07:49:20 main.go:48: Received request for path: /health
2025/04/23 07:49:30 main.go:48: Received request for path: /health
2025/04/23 07:49:40 main.go:48: Received request for path: /health
2025/04/23 07:49:50 main.go:48: Received request for path: /health
2025/04/23 07:50:00 main.go:48: Received request for path: /health
2025/04/23 07:50:10 main.go:48: Received request for path: /health
2025/04/23 07:50:20 main.go:48: Received request for path: /health
2025/04/23 07:50:30 main.go:48: Received request for path: /health
2025/04/23 07:50:40 main.go:48: Received request for path: /health
2025/04/23 07:50:50 main.go:48: Received request for path: /health
2025/04/23 07:51:00 main.go:48: Received request for path: /health
2025/04/23 07:51:10 main.go:48: Received request for path: /health
2025/04/23 07:51:20 main.go:48: Received request for path: /health
2025/04/23 07:51:30 main.go:48: Received request for path: /health
2025/04/23 07:51:40 main.go:48: Received request for path: /health
2025/04/23 07:51:50 main.go:48: Received request for path: /health
2025/04/23 07:52:00 main.go:48: Received request for path: /health
2025/04/23 07:52:10 main.go:48: Received request for path: /health
2025/04/23 07:52:20 main.go:48: Received request for path: /health
2025/04/23 07:52:30 main.go:48: Received request for path: /health
2025/04/23 07:52:40 main.go:48: Received request for path: /health
2025/04/23 07:52:50 main.go:48: Received request for path: /health
2025/04/23 07:53:00 main.go:48: Received request for path: /health
2025/04/23 07:53:10 main.go:48: Received request for path: /health
2025/04/23 07:53:20 main.go:48: Received request for path: /health
2025/04/23 07:53:30 main.go:48: Received request for path: /health
2025/04/23 07:53:40 main.go:48: Received request for path: /health
2025/04/23 07:53:50 main.go:48: Received request for path: /health
2025/04/23 07:54:00 main.go:48: Received request for path: /health
2025/04/23 07:54:10 main.go:48: Received request for path: /health
2025/04/23 07:54:20 main.go:48: Received request for path: /health
2025/04/23 07:54:30 main.go:48: Received request for path: /health
2025/04/23 07:54:40 main.go:48: Received request for path: /health
2025/04/23 07:54:50 main.go:48: Received request for path: /health
2025/04/23 07:55:00 main.go:48: Received request for path: /health
2025/04/23 07:55:10 main.go:48: Received request for path: /health
2025/04/23 07:55:20 main.go:48: Received request for path: /health
2025/04/23 07:55:30 main.go:48: Received request for path: /health
2025/04/23 07:55:40 main.go:48: Received request for path: /health
2025/04/23 07:55:50 main.go:48: Received request for path: /health
2025/04/23 07:56:00 main.go:48: Received request for path: /health
2025/04/23 07:56:10 main.go:48: Received request for path: /health
2025/04/23 07:56:20 main.go:48: Received request for path: /health
2025/04/23 07:56:30 main.go:48: Received request for path: /health
2025/04/23 07:56:40 main.go:48: Received request for path: /health
2025/04/23 07:56:50 main.go:48: Received request for path: /health
2025/04/23 07:57:00 main.go:48: Received request for path: /health
2025/04/23 07:57:10 main.go:48: Received request for path: /health
2025/04/23 07:57:20 main.go:48: Received request for path: /health
2025/04/23 07:57:30 main.go:48: Received request for path: /health
2025/04/23 07:57:40 main.go:48: Received request for path: /health
2025/04/23 07:57:50 main.go:48: Received request for path: /health
2025/04/23 07:58:00 main.go:48: Received request for path: /health
2025/04/23 07:58:10 main.go:48: Received request for path: /health
2025/04/23 07:58:20 main.go:48: Received request for path: /health
2025/04/23 07:58:30 main.go:48: Received request for path: /health
2025/04/23 07:58:40 main.go:48: Received request for path: /health
2025/04/23 07:58:50 main.go:48: Received request for path: /health
2025/04/23 07:59:00 main.go:48: Received request for path: /health
2025/04/23 07:59:10 main.go:48: Received request for path: /health
2025/04/23 07:59:20 main.go:48: Received request for path: /health
2025/04/23 07:59:30 main.go:48: Received request for path: /health
2025/04/23 07:59:40 main.go:48: Received request for path: /health
2025/04/23 07:59:50 main.go:48: Received request for path: /health
2025/04/23 08:00:00 main.go:48: Received request for path: /health
2025/04/23 08:00:10 main.go:48: Received request for path: /health
2025/04/23 08:00:20 main.go:48: Received request for path: /health
2025/04/23 08:00:30 main.go:48: Received request for path: /health
2025/04/23 08:00:40 main.go:48: Received request for path: /health
2025/04/23 08:00:50 main.go:48: Received request for path: /health
2025/04/23 08:01:00 main.go:48: Received request for path: /health
2025/04/23 08:01:10 main.go:48: Received request for path: /health
2025/04/23 08:01:14 main.go:83: Shutting down server...
2025/04/23 08:01:14 main.go:90: Server exited, goodbye!
2025/04/23 08:07:09 main.go:73: Starting server on port 9100
2025/04/23 08:07:09 main.go:50: Received request for path: /health
2025/04/23 08:07:19 main.go:50: Received request for path: /health
2025/04/23 08:07:29 main.go:50: Received request for path: /health
2025/04/23 08:07:39 main.go:50: Received request for path: /health
2025/04/23 08:07:49 main.go:50: Received request for path: /health
2025/04/23 08:07:59 main.go:50: Received request for path: /health
2025/04/23 08:08:09 main.go:50: Received request for path: /health
2025/04/23 08:08:19 main.go:50: Received request for path: /health
2025/04/23 08:08:29 main.go:50: Received request for path: /health
2025/04/23 08:08:39 main.go:50: Received request for path: /health
2025/04/23 08:08:49 main.go:50: Received request for path: /health
2025/04/23 08:08:59 main.go:50: Received request for path: /health
2025/04/23 08:09:09 main.go:50: Received request for path: /health
2025/04/23 08:09:19 main.go:50: Received request for path: /health
2025/04/23 08:09:20 main.go:81: Shutting down server...
2025/04/23 08:09:20 main.go:88: Server exited, goodbye!
2025/04/23 08:10:29 main.go:73: Starting server on port 9100
2025/04/23 08:10:29 main.go:50: Received request for path: /health
2025/04/23 08:10:39 main.go:50: Received request for path: /health
2025/04/23 08:10:49 main.go:50: Received request for path: /health
2025/04/23 08:10:59 main.go:50: Received request for path: /health
2025/04/23 08:11:09 main.go:50: Received request for path: /health
2025/04/23 08:11:19 main.go:50: Received request for path: /health
2025/04/23 08:11:29 main.go:50: Received request for path: /health
2025/04/23 08:11:39 main.go:50: Received request for path: /health
2025/04/23 08:11:49 main.go:50: Received request for path: /health
2025/04/23 08:11:59 main.go:50: Received request for path: /health
2025/04/23 08:12:00 main.go:50: Received request for path: /auth
2025/04/23 08:12:09 main.go:50: Received request for path: /health
2025/04/23 08:12:19 main.go:50: Received request for path: /health
2025/04/23 08:12:29 main.go:50: Received request for path: /health
2025/04/23 08:12:39 main.go:50: Received request for path: /health
2025/04/23 08:12:49 main.go:50: Received request for path: /health
2025/04/23 08:12:59 main.go:50: Received request for path: /health
2025/04/23 08:13:09 main.go:50: Received request for path: /health
2025/04/23 08:13:19 main.go:50: Received request for path: /health
2025/04/23 08:13:29 main.go:50: Received request for path: /health
2025/04/23 08:13:39 main.go:50: Received request for path: /health
2025/04/23 08:13:49 main.go:50: Received request for path: /health
2025/04/23 08:13:55 main.go:81: Shutting down server...
2025/04/23 08:13:55 main.go:88: Server exited, goodbye!
2025/04/23 08:15:10 main.go:73: Starting server on port 9100
2025/04/23 08:15:13 main.go:50: Received request for path: /health
2025/04/23 08:15:23 main.go:50: Received request for path: /health
2025/04/23 08:15:32 main.go:81: Shutting down server...
2025/04/23 08:15:32 main.go:88: Server exited, goodbye!
2025/04/23 08:18:40 main.go:73: Starting server on port 9100
2025/04/23 08:18:40 main.go:50: Received request for path: /health
2025/04/23 08:18:50 main.go:50: Received request for path: /health
2025/04/23 08:19:00 main.go:50: Received request for path: /health
2025/04/23 08:19:10 main.go:50: Received request for path: /health
2025/04/23 08:19:20 main.go:50: Received request for path: /health
2025/04/23 08:19:30 main.go:50: Received request for path: /health
2025/04/23 08:19:40 main.go:50: Received request for path: /health
2025/04/23 08:19:48 main.go:81: Shutting down server...
2025/04/23 08:19:48 main.go:88: Server exited, goodbye!
2025/04/23 08:20:36 main.go:73: Starting server on port 9100
2025/04/23 08:20:36 main.go:50: Received request for path: /health
2025/04/23 08:20:46 main.go:50: Received request for path: /health
2025/04/23 08:20:56 main.go:50: Received request for path: /health
2025/04/23 08:21:06 main.go:50: Received request for path: /health
2025/04/23 08:21:16 main.go:50: Received request for path: /health
2025/04/23 08:21:26 main.go:50: Received request for path: /health
2025/04/23 08:21:36 main.go:50: Received request for path: /health
2025/04/23 08:21:46 main.go:50: Received request for path: /health
2025/04/23 08:21:56 main.go:50: Received request for path: /health
2025/04/23 08:22:06 main.go:50: Received request for path: /health
2025/04/23 08:22:16 main.go:50: Received request for path: /health
2025/04/23 08:22:26 main.go:50: Received request for path: /health
2025/04/23 08:22:36 main.go:50: Received request for path: /health
2025/04/23 08:22:46 main.go:50: Received request for path: /health
2025/04/23 08:22:56 main.go:50: Received request for path: /health
2025/04/23 08:23:06 main.go:50: Received request for path: /health
2025/04/23 08:23:16 main.go:50: Received request for path: /health
2025/04/23 08:23:26 main.go:50: Received request for path: /health
2025/04/23 08:23:36 main.go:50: Received request for path: /health
2025/04/23 08:23:46 main.go:50: Received request for path: /health
2025/04/23 08:23:56 main.go:50: Received request for path: /health
2025/04/23 08:24:06 main.go:50: Received request for path: /health
2025/04/23 08:24:16 main.go:50: Received request for path: /health
2025/04/23 08:24:26 main.go:50: Received request for path: /health
2025/04/23 08:24:36 main.go:50: Received request for path: /health
2025/04/23 08:24:46 main.go:50: Received request for path: /health
2025/04/23 08:24:56 main.go:50: Received request for path: /health
2025/04/23 08:25:06 main.go:50: Received request for path: /health
2025/04/23 08:25:16 main.go:50: Received request for path: /health
2025/04/23 08:25:26 main.go:50: Received request for path: /health
2025/04/23 08:25:36 main.go:50: Received request for path: /health
2025/04/23 08:25:46 main.go:50: Received request for path: /health
2025/04/23 08:25:50 main.go:81: Shutting down server...
2025/04/23 08:25:50 main.go:88: Server exited, goodbye!
2025/04/23 08:29:42 main.go:73: Starting server on port 9100
2025/04/23 08:29:52 main.go:50: Received request for path: /health
2025/04/23 08:30:02 main.go:50: Received request for path: /health
2025/04/23 08:30:12 main.go:50: Received request for path: /health
2025/04/23 08:30:22 main.go:50: Received request for path: /health
2025/04/23 08:30:32 main.go:50: Received request for path: /health
2025/04/23 08:30:42 main.go:50: Received request for path: /health
2025/04/23 08:30:52 main.go:50: Received request for path: /health
2025/04/23 08:31:02 main.go:50: Received request for path: /health
2025/04/23 08:31:12 main.go:50: Received request for path: /health
2025/04/23 08:31:22 main.go:50: Received request for path: /health
2025/04/23 08:31:31 main.go:81: Shutting down server...
2025/04/23 08:31:31 main.go:88: Server exited, goodbye!
