2025/04/24 11:40:35 main.go:93: Starting server on port 9100
2025/04/24 11:40:35 main.go:85: Starting gRPC server on port 9101
2025/04/24 11:40:35 main.go:55: Received request for path: /health
2025/04/24 11:40:45 main.go:55: Received request for path: /health
2025/04/24 11:40:55 main.go:55: Received request for path: /health
2025/04/24 11:41:05 main.go:55: Received request for path: /health
2025/04/24 11:41:15 main.go:55: Received request for path: /health
2025/04/24 11:41:25 main.go:55: Received request for path: /health
2025/04/24 11:41:35 main.go:55: Received request for path: /health
2025/04/24 11:41:45 main.go:55: Received request for path: /health
2025/04/24 11:41:55 main.go:55: Received request for path: /health
2025/04/24 11:42:05 main.go:55: Received request for path: /health
2025/04/24 11:42:15 main.go:55: Received request for path: /health
2025/04/24 11:42:25 main.go:55: Received request for path: /health
2025/04/24 11:42:35 main.go:55: Received request for path: /health
2025/04/24 11:42:45 main.go:55: Received request for path: /health
2025/04/24 11:42:55 main.go:55: Received request for path: /health
2025/04/24 11:43:05 main.go:55: Received request for path: /health
2025/04/24 11:43:15 main.go:55: Received request for path: /health
2025/04/24 11:43:25 main.go:55: Received request for path: /health
2025/04/24 11:43:35 main.go:55: Received request for path: /health
2025/04/24 11:43:45 main.go:55: Received request for path: /health
2025/04/24 11:43:55 main.go:55: Received request for path: /health
2025/04/24 11:44:05 main.go:55: Received request for path: /health
2025/04/24 11:44:15 main.go:55: Received request for path: /health
2025/04/24 11:44:25 main.go:55: Received request for path: /health
2025/04/24 11:44:35 main.go:55: Received request for path: /health
2025/04/24 11:44:45 main.go:55: Received request for path: /health
2025/04/24 11:44:55 main.go:55: Received request for path: /health
2025/04/24 11:45:05 main.go:55: Received request for path: /health
2025/04/24 11:45:15 main.go:55: Received request for path: /health
2025/04/24 11:45:25 main.go:55: Received request for path: /health
2025/04/24 11:45:35 main.go:55: Received request for path: /health
2025/04/24 11:45:45 main.go:55: Received request for path: /health
2025/04/24 11:45:55 main.go:55: Received request for path: /health
2025/04/24 11:46:05 main.go:55: Received request for path: /health
2025/04/24 11:46:15 main.go:55: Received request for path: /health
2025/04/24 11:46:25 main.go:55: Received request for path: /health
2025/04/24 11:46:35 main.go:55: Received request for path: /health
2025/04/24 11:46:45 main.go:55: Received request for path: /health
2025/04/24 11:46:55 main.go:55: Received request for path: /health
2025/04/24 11:47:05 main.go:55: Received request for path: /health
2025/04/24 11:47:15 main.go:55: Received request for path: /health
2025/04/24 11:47:25 main.go:55: Received request for path: /health
2025/04/24 11:47:35 main.go:55: Received request for path: /health
2025/04/24 11:47:46 main.go:55: Received request for path: /health
2025/04/24 11:47:56 main.go:55: Received request for path: /health
2025/04/24 11:48:06 main.go:55: Received request for path: /health
2025/04/24 11:48:16 main.go:55: Received request for path: /health
2025/04/24 11:48:26 main.go:55: Received request for path: /health
2025/04/24 11:48:36 main.go:55: Received request for path: /health
2025/04/24 11:48:46 main.go:55: Received request for path: /health
2025/04/24 11:48:50 main.go:101: Shutting down server...
2025/04/24 11:48:50 main.go:110: Server exited, goodbye!
2025/04/24 11:49:54 main.go:93: Starting server on port 9100
2025/04/24 11:49:54 main.go:85: Starting gRPC server on port 9101
2025/04/24 11:49:55 main.go:55: Received request for path: /health
2025/04/24 11:50:04 main.go:55: Received request for path: /health
2025/04/24 11:50:05 main.go:55: Received request for path: /health
2025/04/24 11:50:14 main.go:55: Received request for path: /health
2025/04/24 11:50:15 main.go:55: Received request for path: /health
2025/04/24 11:50:24 main.go:55: Received request for path: /health
2025/04/24 11:50:24 mongo.go:33: Pinged current deployment. Auth Service successfully connected to MongoDB!
2025/04/24 11:50:25 main.go:55: Received request for path: /health
2025/04/24 11:50:34 main.go:55: Received request for path: /health
2025/04/24 11:50:35 main.go:55: Received request for path: /health
2025/04/24 11:50:44 main.go:55: Received request for path: /health
2025/04/24 11:50:45 main.go:55: Received request for path: /health
2025/04/24 11:50:54 main.go:55: Received request for path: /health
2025/04/24 11:50:55 main.go:55: Received request for path: /health
2025/04/24 11:51:04 main.go:55: Received request for path: /health
2025/04/24 11:51:05 main.go:55: Received request for path: /health
2025/04/24 11:51:14 main.go:55: Received request for path: /health
2025/04/24 11:51:15 main.go:55: Received request for path: /health
2025/04/24 11:51:24 main.go:55: Received request for path: /health
2025/04/24 11:51:25 main.go:55: Received request for path: /health
2025/04/24 11:51:34 main.go:55: Received request for path: /health
2025/04/24 11:51:35 main.go:55: Received request for path: /health
2025/04/24 11:51:44 main.go:55: Received request for path: /health
2025/04/24 11:51:45 main.go:55: Received request for path: /health
2025/04/24 11:51:54 main.go:55: Received request for path: /health
2025/04/24 11:51:55 main.go:55: Received request for path: /health
2025/04/24 11:52:04 main.go:55: Received request for path: /health
2025/04/24 11:52:05 main.go:55: Received request for path: /health
2025/04/24 11:52:14 main.go:55: Received request for path: /health
2025/04/24 11:52:15 main.go:55: Received request for path: /health
2025/04/24 11:52:24 main.go:55: Received request for path: /health
2025/04/24 11:52:25 main.go:55: Received request for path: /health
2025/04/24 11:52:34 main.go:55: Received request for path: /health
2025/04/24 11:52:35 main.go:55: Received request for path: /health
2025/04/24 11:52:44 main.go:55: Received request for path: /health
2025/04/24 11:52:45 main.go:55: Received request for path: /health
2025/04/24 11:52:54 main.go:55: Received request for path: /health
2025/04/24 11:52:55 main.go:55: Received request for path: /health
2025/04/24 11:53:04 main.go:55: Received request for path: /health
2025/04/24 11:53:05 main.go:55: Received request for path: /health
2025/04/24 11:53:14 main.go:55: Received request for path: /health
2025/04/24 11:53:15 main.go:55: Received request for path: /health
2025/04/24 11:53:24 main.go:55: Received request for path: /health
2025/04/24 11:53:25 main.go:55: Received request for path: /health
2025/04/24 11:53:34 main.go:55: Received request for path: /health
2025/04/24 11:53:35 main.go:55: Received request for path: /health
2025/04/24 11:53:44 main.go:55: Received request for path: /health
2025/04/24 11:53:45 main.go:55: Received request for path: /health
2025/04/24 11:53:54 main.go:55: Received request for path: /health
2025/04/24 11:53:55 main.go:55: Received request for path: /health
2025/04/24 11:54:04 main.go:55: Received request for path: /health
2025/04/24 11:54:05 main.go:55: Received request for path: /health
2025/04/24 11:54:14 main.go:55: Received request for path: /health
2025/04/24 11:54:15 main.go:55: Received request for path: /health
2025/04/24 11:54:24 main.go:55: Received request for path: /health
2025/04/24 11:54:25 main.go:55: Received request for path: /health
2025/04/24 11:54:34 main.go:55: Received request for path: /health
2025/04/24 11:54:35 main.go:55: Received request for path: /health
2025/04/24 11:54:44 main.go:55: Received request for path: /health
2025/04/24 11:54:45 main.go:55: Received request for path: /health
2025/04/24 11:54:54 main.go:55: Received request for path: /health
2025/04/24 11:54:55 main.go:55: Received request for path: /health
2025/04/24 11:55:04 main.go:55: Received request for path: /health
2025/04/24 11:55:05 main.go:55: Received request for path: /health
2025/04/24 11:55:14 main.go:55: Received request for path: /health
2025/04/24 11:55:15 main.go:55: Received request for path: /health
2025/04/24 11:55:24 main.go:55: Received request for path: /health
2025/04/24 11:55:25 main.go:55: Received request for path: /health
2025/04/24 11:55:34 main.go:55: Received request for path: /health
2025/04/24 11:55:35 main.go:55: Received request for path: /health
2025/04/24 11:55:44 main.go:55: Received request for path: /health
2025/04/24 11:55:45 main.go:55: Received request for path: /health
2025/04/24 11:55:54 main.go:55: Received request for path: /health
2025/04/24 11:55:55 main.go:55: Received request for path: /health
2025/04/24 11:56:04 main.go:55: Received request for path: /health
2025/04/24 11:56:05 main.go:55: Received request for path: /health
2025/04/24 11:56:14 main.go:55: Received request for path: /health
2025/04/24 11:56:15 main.go:55: Received request for path: /health
2025/04/24 11:56:24 main.go:55: Received request for path: /health
2025/04/24 11:56:25 main.go:55: Received request for path: /health
2025/04/24 11:56:34 main.go:55: Received request for path: /health
2025/04/24 11:56:35 main.go:55: Received request for path: /health
2025/04/24 11:56:44 main.go:55: Received request for path: /health
2025/04/24 11:56:45 main.go:55: Received request for path: /health
2025/04/24 11:56:54 main.go:55: Received request for path: /health
2025/04/24 11:56:55 main.go:55: Received request for path: /health
2025/04/24 11:57:04 main.go:55: Received request for path: /health
2025/04/24 11:57:05 main.go:55: Received request for path: /health
2025/04/24 11:57:14 main.go:55: Received request for path: /health
2025/04/24 11:57:15 main.go:55: Received request for path: /health
2025/04/24 11:57:24 main.go:55: Received request for path: /health
2025/04/24 11:57:25 main.go:55: Received request for path: /health
2025/04/24 11:57:34 main.go:55: Received request for path: /health
2025/04/24 11:57:35 main.go:55: Received request for path: /health
2025/04/24 11:57:44 main.go:55: Received request for path: /health
2025/04/24 11:57:45 main.go:55: Received request for path: /health
2025/04/24 11:57:54 main.go:55: Received request for path: /health
2025/04/24 11:57:55 main.go:55: Received request for path: /health
2025/04/24 11:58:04 main.go:55: Received request for path: /health
2025/04/24 11:58:05 main.go:55: Received request for path: /health
2025/04/24 11:58:14 main.go:55: Received request for path: /health
2025/04/24 11:58:15 main.go:55: Received request for path: /health
2025/04/24 11:58:24 main.go:55: Received request for path: /health
2025/04/24 11:58:25 main.go:55: Received request for path: /health
2025/04/24 11:58:34 main.go:55: Received request for path: /health
2025/04/24 11:58:35 main.go:55: Received request for path: /health
2025/04/24 11:58:44 main.go:55: Received request for path: /health
2025/04/24 11:58:45 main.go:55: Received request for path: /health
2025/04/24 11:58:54 main.go:55: Received request for path: /health
2025/04/24 11:58:55 main.go:55: Received request for path: /health
2025/04/24 11:59:04 main.go:55: Received request for path: /health
2025/04/24 11:59:05 main.go:55: Received request for path: /health
2025/04/24 11:59:14 main.go:55: Received request for path: /health
2025/04/24 11:59:15 main.go:55: Received request for path: /health
2025/04/24 11:59:24 main.go:55: Received request for path: /health
2025/04/24 11:59:25 main.go:55: Received request for path: /health
2025/04/24 11:59:34 main.go:55: Received request for path: /health
2025/04/24 11:59:35 main.go:55: Received request for path: /health
2025/04/24 11:59:44 main.go:55: Received request for path: /health
2025/04/24 11:59:45 main.go:55: Received request for path: /health
2025/04/24 11:59:54 main.go:55: Received request for path: /health
2025/04/24 11:59:55 main.go:55: Received request for path: /health
2025/04/24 12:00:04 main.go:55: Received request for path: /health
2025/04/24 12:00:05 main.go:55: Received request for path: /health
2025/04/24 12:00:14 main.go:55: Received request for path: /health
2025/04/24 12:00:15 main.go:55: Received request for path: /health
2025/04/24 12:00:24 main.go:55: Received request for path: /health
2025/04/24 12:00:25 main.go:55: Received request for path: /health
2025/04/24 12:00:34 main.go:55: Received request for path: /health
2025/04/24 12:00:35 main.go:55: Received request for path: /health
2025/04/24 12:00:44 main.go:55: Received request for path: /health
2025/04/24 12:00:45 main.go:55: Received request for path: /health
2025/04/24 12:00:54 main.go:55: Received request for path: /health
2025/04/24 12:00:55 main.go:55: Received request for path: /health
2025/04/24 12:01:04 main.go:55: Received request for path: /health
2025/04/24 12:01:05 main.go:55: Received request for path: /health
2025/04/24 12:01:14 main.go:55: Received request for path: /health
2025/04/24 12:01:15 main.go:55: Received request for path: /health
2025/04/24 12:01:24 main.go:55: Received request for path: /health
2025/04/24 12:01:25 main.go:55: Received request for path: /health
2025/04/24 12:01:34 main.go:55: Received request for path: /health
2025/04/24 12:01:35 main.go:55: Received request for path: /health
2025/04/24 12:01:44 main.go:55: Received request for path: /health
2025/04/24 12:01:45 main.go:55: Received request for path: /health
2025/04/24 12:01:54 main.go:55: Received request for path: /health
2025/04/24 12:01:55 main.go:55: Received request for path: /health
2025/04/24 12:02:04 main.go:55: Received request for path: /health
2025/04/24 12:02:05 main.go:55: Received request for path: /health
2025/04/24 12:02:14 main.go:55: Received request for path: /health
2025/04/24 12:02:15 main.go:55: Received request for path: /health
2025/04/24 12:02:24 main.go:55: Received request for path: /health
2025/04/24 12:02:25 main.go:55: Received request for path: /health
2025/04/24 12:02:34 main.go:55: Received request for path: /health
2025/04/24 12:02:35 main.go:55: Received request for path: /health
2025/04/24 12:02:44 main.go:55: Received request for path: /health
2025/04/24 12:02:45 main.go:55: Received request for path: /health
2025/04/24 12:02:54 main.go:55: Received request for path: /health
2025/04/24 12:02:55 main.go:55: Received request for path: /health
2025/04/24 12:02:57 main.go:55: Received request for path: /
2025/04/24 12:03:04 main.go:55: Received request for path: /health
2025/04/24 12:03:05 main.go:55: Received request for path: /health
2025/04/24 12:03:14 main.go:55: Received request for path: /health
2025/04/24 12:03:15 main.go:55: Received request for path: /health
2025/04/24 12:03:24 main.go:55: Received request for path: /health
2025/04/24 12:03:25 main.go:55: Received request for path: /health
2025/04/24 12:03:34 main.go:55: Received request for path: /health
2025/04/24 12:03:35 main.go:55: Received request for path: /health
2025/04/24 12:03:44 main.go:55: Received request for path: /health
2025/04/24 12:03:45 main.go:55: Received request for path: /health
2025/04/24 12:03:54 main.go:55: Received request for path: /health
2025/04/24 12:03:55 main.go:55: Received request for path: /health
2025/04/24 12:04:04 main.go:55: Received request for path: /health
2025/04/24 12:04:05 main.go:55: Received request for path: /health
2025/04/24 12:04:14 main.go:55: Received request for path: /health
2025/04/24 12:04:15 main.go:55: Received request for path: /health
2025/04/24 12:04:24 main.go:55: Received request for path: /health
2025/04/24 12:04:25 main.go:55: Received request for path: /health
2025/04/24 12:04:34 main.go:55: Received request for path: /health
2025/04/24 12:04:35 main.go:55: Received request for path: /health
2025/04/24 12:04:44 main.go:55: Received request for path: /health
2025/04/24 12:04:45 main.go:55: Received request for path: /health
2025/04/24 12:04:54 main.go:55: Received request for path: /health
2025/04/24 12:04:55 main.go:55: Received request for path: /health
2025/04/24 12:05:04 main.go:55: Received request for path: /health
2025/04/24 12:05:05 main.go:55: Received request for path: /health
2025/04/24 12:05:14 main.go:55: Received request for path: /health
2025/04/24 12:05:15 main.go:55: Received request for path: /health
2025/04/24 12:05:24 main.go:55: Received request for path: /health
2025/04/24 12:05:25 main.go:55: Received request for path: /health
2025/04/24 12:05:34 main.go:55: Received request for path: /health
2025/04/24 12:05:35 main.go:55: Received request for path: /health
2025/04/24 12:05:44 main.go:55: Received request for path: /health
2025/04/24 12:05:45 main.go:55: Received request for path: /health
2025/04/24 12:05:54 main.go:55: Received request for path: /health
2025/04/24 12:05:55 main.go:55: Received request for path: /health
2025/04/24 12:06:04 main.go:55: Received request for path: /health
2025/04/24 12:06:05 main.go:55: Received request for path: /health
2025/04/24 12:06:14 main.go:55: Received request for path: /health
2025/04/24 12:06:15 main.go:55: Received request for path: /health
2025/04/24 12:06:24 main.go:55: Received request for path: /health
2025/04/24 12:06:25 main.go:55: Received request for path: /health
2025/04/24 12:06:34 main.go:55: Received request for path: /health
2025/04/24 12:06:35 main.go:55: Received request for path: /health
2025/04/24 12:06:44 main.go:55: Received request for path: /health
2025/04/24 12:06:45 main.go:55: Received request for path: /health
2025/04/24 12:06:54 main.go:55: Received request for path: /health
2025/04/24 12:06:55 main.go:55: Received request for path: /health
2025/04/24 12:07:04 main.go:55: Received request for path: /health
2025/04/24 12:07:05 main.go:55: Received request for path: /health
2025/04/24 12:07:14 main.go:55: Received request for path: /health
2025/04/24 12:07:15 main.go:55: Received request for path: /health
2025/04/24 12:07:24 main.go:55: Received request for path: /health
2025/04/24 12:07:26 main.go:55: Received request for path: /health
2025/04/24 12:07:34 main.go:55: Received request for path: /health
2025/04/24 12:07:36 main.go:55: Received request for path: /health
2025/04/24 12:07:44 main.go:55: Received request for path: /health
2025/04/24 12:07:46 main.go:55: Received request for path: /health
2025/04/24 12:07:54 main.go:55: Received request for path: /health
2025/04/24 12:07:56 main.go:55: Received request for path: /health
2025/04/24 12:08:04 main.go:55: Received request for path: /health
2025/04/24 12:08:06 main.go:55: Received request for path: /health
2025/04/24 12:08:14 main.go:55: Received request for path: /health
2025/04/24 12:08:16 main.go:55: Received request for path: /health
2025/04/24 12:08:24 main.go:55: Received request for path: /health
2025/04/24 12:08:26 main.go:55: Received request for path: /health
2025/04/24 12:08:34 main.go:55: Received request for path: /health
2025/04/24 12:08:36 main.go:55: Received request for path: /health
2025/04/24 12:08:44 main.go:55: Received request for path: /health
2025/04/24 12:08:46 main.go:55: Received request for path: /health
2025/04/24 12:08:54 main.go:55: Received request for path: /health
2025/04/24 12:08:56 main.go:55: Received request for path: /health
2025/04/24 12:09:04 main.go:55: Received request for path: /health
2025/04/24 12:09:06 main.go:55: Received request for path: /health
2025/04/24 12:09:14 main.go:55: Received request for path: /health
2025/04/24 12:09:16 main.go:55: Received request for path: /health
2025/04/24 12:09:24 main.go:55: Received request for path: /health
2025/04/24 12:09:26 main.go:55: Received request for path: /health
2025/04/24 12:09:34 main.go:55: Received request for path: /health
2025/04/24 12:09:36 main.go:55: Received request for path: /health
2025/04/24 12:09:44 main.go:55: Received request for path: /health
2025/04/24 12:09:46 main.go:55: Received request for path: /health
2025/04/24 12:09:54 main.go:55: Received request for path: /health
2025/04/24 12:09:56 main.go:55: Received request for path: /health
2025/04/24 12:10:04 main.go:55: Received request for path: /health
2025/04/24 12:10:06 main.go:55: Received request for path: /health
2025/04/24 12:10:14 main.go:55: Received request for path: /health
2025/04/24 12:10:16 main.go:55: Received request for path: /health
2025/04/24 12:10:24 main.go:55: Received request for path: /health
2025/04/24 12:10:26 main.go:55: Received request for path: /health
2025/04/24 12:10:34 main.go:55: Received request for path: /health
2025/04/24 12:10:36 main.go:55: Received request for path: /health
2025/04/24 12:10:44 main.go:55: Received request for path: /health
2025/04/24 12:10:46 main.go:55: Received request for path: /health
2025/04/24 12:10:54 main.go:55: Received request for path: /health
2025/04/24 12:10:56 main.go:55: Received request for path: /health
2025/04/24 12:11:04 main.go:55: Received request for path: /health
2025/04/24 12:11:06 main.go:55: Received request for path: /health
2025/04/24 12:11:14 main.go:55: Received request for path: /health
2025/04/24 12:11:16 main.go:55: Received request for path: /health
2025/04/24 12:11:24 main.go:55: Received request for path: /health
2025/04/24 12:11:26 main.go:55: Received request for path: /health
2025/04/24 12:11:34 main.go:55: Received request for path: /health
2025/04/24 12:11:36 main.go:55: Received request for path: /health
2025/04/24 12:11:44 main.go:55: Received request for path: /health
2025/04/24 12:11:46 main.go:55: Received request for path: /health
2025/04/24 12:11:54 main.go:55: Received request for path: /health
2025/04/24 12:11:56 main.go:55: Received request for path: /health
2025/04/24 12:12:04 main.go:55: Received request for path: /health
2025/04/24 12:12:06 main.go:55: Received request for path: /health
2025/04/24 12:12:14 main.go:55: Received request for path: /health
2025/04/24 12:12:16 main.go:55: Received request for path: /health
2025/04/24 12:12:24 main.go:55: Received request for path: /health
2025/04/24 12:12:26 main.go:55: Received request for path: /health
2025/04/24 12:12:34 main.go:55: Received request for path: /health
2025/04/24 12:12:36 main.go:55: Received request for path: /health
2025/04/24 12:12:44 main.go:55: Received request for path: /health
2025/04/24 12:12:46 main.go:55: Received request for path: /health
2025/04/24 12:12:54 main.go:55: Received request for path: /health
2025/04/24 12:12:56 main.go:55: Received request for path: /health
2025/04/24 12:13:04 main.go:55: Received request for path: /health
2025/04/24 12:13:06 main.go:55: Received request for path: /health
2025/04/24 12:13:14 main.go:55: Received request for path: /health
2025/04/24 12:13:16 main.go:55: Received request for path: /health
2025/04/24 12:13:24 main.go:55: Received request for path: /health
2025/04/24 12:13:26 main.go:55: Received request for path: /health
2025/04/24 12:13:34 main.go:55: Received request for path: /health
2025/04/24 12:13:36 main.go:55: Received request for path: /health
2025/04/24 12:13:44 main.go:55: Received request for path: /health
2025/04/24 12:13:46 main.go:55: Received request for path: /health
2025/04/24 12:13:54 main.go:55: Received request for path: /health
2025/04/24 12:13:56 main.go:55: Received request for path: /health
2025/04/24 12:14:04 main.go:55: Received request for path: /health
2025/04/24 12:14:06 main.go:55: Received request for path: /health
2025/04/24 12:14:14 main.go:55: Received request for path: /health
2025/04/24 12:14:16 main.go:55: Received request for path: /health
2025/04/24 12:14:24 main.go:55: Received request for path: /health
2025/04/24 12:14:26 main.go:55: Received request for path: /health
2025/04/24 12:14:34 main.go:55: Received request for path: /health
2025/04/24 12:14:36 main.go:55: Received request for path: /health
2025/04/24 12:14:44 main.go:55: Received request for path: /health
2025/04/24 12:14:46 main.go:55: Received request for path: /health
2025/04/24 12:14:54 main.go:55: Received request for path: /health
2025/04/24 12:14:56 main.go:55: Received request for path: /health
2025/04/24 12:15:04 main.go:55: Received request for path: /health
2025/04/24 12:15:06 main.go:55: Received request for path: /health
2025/04/24 12:15:14 main.go:55: Received request for path: /health
2025/04/24 12:15:16 main.go:55: Received request for path: /health
2025/04/24 12:15:24 main.go:55: Received request for path: /health
2025/04/24 12:15:26 main.go:55: Received request for path: /health
2025/04/24 12:15:34 main.go:55: Received request for path: /health
2025/04/24 12:15:36 main.go:55: Received request for path: /health
2025/04/24 12:15:44 main.go:55: Received request for path: /health
2025/04/24 12:15:46 main.go:55: Received request for path: /health
2025/04/24 12:15:54 main.go:55: Received request for path: /health
2025/04/24 12:15:56 main.go:55: Received request for path: /health
2025/04/24 12:16:04 main.go:55: Received request for path: /health
2025/04/24 12:16:06 main.go:55: Received request for path: /health
2025/04/24 12:16:14 main.go:55: Received request for path: /health
2025/04/24 12:16:16 main.go:55: Received request for path: /health
2025/04/24 12:16:24 main.go:55: Received request for path: /health
2025/04/24 12:16:26 main.go:55: Received request for path: /health
2025/04/24 12:16:34 main.go:55: Received request for path: /health
2025/04/24 12:16:36 main.go:55: Received request for path: /health
2025/04/24 12:16:44 main.go:55: Received request for path: /health
2025/04/24 12:16:46 main.go:55: Received request for path: /health
2025/04/24 12:16:54 main.go:55: Received request for path: /health
2025/04/24 12:16:56 main.go:55: Received request for path: /health
2025/04/24 12:17:04 main.go:55: Received request for path: /health
2025/04/24 12:17:06 main.go:55: Received request for path: /health
2025/04/24 12:17:14 main.go:55: Received request for path: /health
2025/04/24 12:17:16 main.go:55: Received request for path: /health
2025/04/24 12:17:24 main.go:55: Received request for path: /health
2025/04/24 12:17:26 main.go:55: Received request for path: /health
2025/04/24 12:17:34 main.go:55: Received request for path: /health
2025/04/24 12:17:36 main.go:55: Received request for path: /health
2025/04/24 12:17:44 main.go:55: Received request for path: /health
2025/04/24 12:17:46 main.go:55: Received request for path: /health
2025/04/24 12:17:54 main.go:55: Received request for path: /health
2025/04/24 12:17:56 main.go:55: Received request for path: /health
2025/04/24 12:18:04 main.go:55: Received request for path: /health
2025/04/24 12:18:06 main.go:55: Received request for path: /health
2025/04/24 12:18:14 main.go:55: Received request for path: /health
2025/04/24 12:18:16 main.go:55: Received request for path: /health
2025/04/24 12:18:24 main.go:55: Received request for path: /health
2025/04/24 12:18:26 main.go:55: Received request for path: /health
2025/04/24 12:18:34 main.go:55: Received request for path: /health
2025/04/24 12:18:36 main.go:55: Received request for path: /health
2025/04/24 12:18:44 main.go:55: Received request for path: /health
2025/04/24 12:18:46 main.go:55: Received request for path: /health
2025/04/24 12:18:54 main.go:55: Received request for path: /health
2025/04/24 12:18:56 main.go:55: Received request for path: /health
2025/04/24 12:19:04 main.go:55: Received request for path: /health
2025/04/24 12:19:06 main.go:55: Received request for path: /health
2025/04/24 12:19:14 main.go:55: Received request for path: /health
2025/04/24 12:19:16 main.go:55: Received request for path: /health
2025/04/24 12:19:24 main.go:55: Received request for path: /health
2025/04/24 12:19:26 main.go:55: Received request for path: /health
2025/04/24 12:19:34 main.go:55: Received request for path: /health
2025/04/24 12:19:36 main.go:55: Received request for path: /health
2025/04/24 12:19:44 main.go:55: Received request for path: /health
2025/04/24 12:19:46 main.go:55: Received request for path: /health
2025/04/24 12:19:54 main.go:55: Received request for path: /health
2025/04/24 12:19:56 main.go:55: Received request for path: /health
2025/04/24 12:20:04 main.go:55: Received request for path: /health
2025/04/24 12:20:06 main.go:55: Received request for path: /health
2025/04/24 12:20:14 main.go:55: Received request for path: /health
2025/04/24 12:20:16 main.go:55: Received request for path: /health
2025/04/24 12:20:24 main.go:55: Received request for path: /health
2025/04/24 12:20:26 main.go:55: Received request for path: /health
2025/04/24 12:20:34 main.go:55: Received request for path: /health
2025/04/24 12:20:36 main.go:55: Received request for path: /health
2025/04/24 12:20:44 main.go:55: Received request for path: /health
2025/04/24 12:20:46 main.go:55: Received request for path: /health
2025/04/24 12:20:54 main.go:55: Received request for path: /health
2025/04/24 12:20:56 main.go:55: Received request for path: /health
2025/04/24 12:21:04 main.go:55: Received request for path: /health
2025/04/24 12:21:06 main.go:55: Received request for path: /health
2025/04/24 12:21:14 main.go:55: Received request for path: /health
2025/04/24 12:21:16 main.go:55: Received request for path: /health
2025/04/24 12:21:24 main.go:55: Received request for path: /health
2025/04/24 12:21:26 main.go:55: Received request for path: /health
2025/04/24 12:21:34 main.go:55: Received request for path: /health
2025/04/24 12:21:36 main.go:55: Received request for path: /health
2025/04/24 12:21:44 main.go:55: Received request for path: /health
2025/04/24 12:21:46 main.go:55: Received request for path: /health
2025/04/24 12:21:54 main.go:55: Received request for path: /health
2025/04/24 12:21:56 main.go:55: Received request for path: /health
2025/04/24 12:22:04 main.go:55: Received request for path: /health
2025/04/24 12:22:06 main.go:55: Received request for path: /health
2025/04/24 12:22:14 main.go:55: Received request for path: /health
2025/04/24 12:22:16 main.go:55: Received request for path: /health
2025/04/24 12:22:24 main.go:55: Received request for path: /health
2025/04/24 12:22:26 main.go:55: Received request for path: /health
2025/04/24 12:22:34 main.go:55: Received request for path: /health
2025/04/24 12:22:36 main.go:55: Received request for path: /health
2025/04/24 12:22:44 main.go:55: Received request for path: /health
2025/04/24 12:22:46 main.go:55: Received request for path: /health
2025/04/24 12:22:54 main.go:55: Received request for path: /health
2025/04/24 12:22:56 main.go:55: Received request for path: /health
2025/04/24 12:23:04 main.go:55: Received request for path: /health
2025/04/24 12:23:06 main.go:55: Received request for path: /health
2025/04/24 12:23:14 main.go:55: Received request for path: /health
2025/04/24 12:23:16 main.go:55: Received request for path: /health
2025/04/24 12:23:24 main.go:55: Received request for path: /health
2025/04/24 12:23:26 main.go:55: Received request for path: /health
2025/04/24 12:23:34 main.go:55: Received request for path: /health
2025/04/24 12:23:36 main.go:55: Received request for path: /health
2025/04/24 12:23:44 main.go:55: Received request for path: /health
2025/04/24 12:23:46 main.go:55: Received request for path: /health
2025/04/24 12:23:54 main.go:55: Received request for path: /health
2025/04/24 12:23:56 main.go:55: Received request for path: /health
2025/04/24 12:24:04 main.go:55: Received request for path: /health
2025/04/24 12:24:06 main.go:55: Received request for path: /health
2025/04/24 12:24:14 main.go:55: Received request for path: /health
2025/04/24 12:24:16 main.go:55: Received request for path: /health
2025/04/24 12:24:24 main.go:55: Received request for path: /health
2025/04/24 12:24:26 main.go:55: Received request for path: /health
2025/04/24 12:24:34 main.go:55: Received request for path: /health
2025/04/24 12:24:36 main.go:55: Received request for path: /health
2025/04/24 12:24:44 main.go:55: Received request for path: /health
2025/04/24 12:24:46 main.go:55: Received request for path: /health
2025/04/24 12:24:54 main.go:55: Received request for path: /health
2025/04/24 12:24:56 main.go:55: Received request for path: /health
2025/04/24 12:25:04 main.go:55: Received request for path: /health
2025/04/24 12:25:06 main.go:55: Received request for path: /health
2025/04/24 12:25:14 main.go:55: Received request for path: /health
2025/04/24 12:25:16 main.go:55: Received request for path: /health
2025/04/24 12:25:24 main.go:55: Received request for path: /health
2025/04/24 12:25:26 main.go:55: Received request for path: /health
2025/04/24 12:25:34 main.go:55: Received request for path: /health
2025/04/24 12:25:36 main.go:55: Received request for path: /health
2025/04/24 12:25:44 main.go:55: Received request for path: /health
2025/04/24 12:25:46 main.go:55: Received request for path: /health
2025/04/24 12:25:54 main.go:55: Received request for path: /health
2025/04/24 12:25:56 main.go:55: Received request for path: /health
2025/04/24 12:26:04 main.go:55: Received request for path: /health
2025/04/24 12:26:06 main.go:55: Received request for path: /health
2025/04/24 12:26:14 main.go:55: Received request for path: /health
2025/04/24 12:26:16 main.go:55: Received request for path: /health
2025/04/24 12:26:24 main.go:55: Received request for path: /health
2025/04/24 12:26:26 main.go:55: Received request for path: /health
2025/04/24 12:26:34 main.go:55: Received request for path: /health
2025/04/24 12:26:36 main.go:55: Received request for path: /health
2025/04/24 12:26:44 main.go:55: Received request for path: /health
2025/04/24 12:26:46 main.go:55: Received request for path: /health
2025/04/24 12:26:54 main.go:55: Received request for path: /health
2025/04/24 12:26:56 main.go:55: Received request for path: /health
2025/04/24 12:27:04 main.go:55: Received request for path: /health
2025/04/24 12:27:06 main.go:55: Received request for path: /health
2025/04/24 12:27:14 main.go:55: Received request for path: /health
2025/04/24 12:27:16 main.go:55: Received request for path: /health
2025/04/24 12:27:24 main.go:55: Received request for path: /health
2025/04/24 12:27:26 main.go:55: Received request for path: /health
2025/04/24 12:27:34 main.go:55: Received request for path: /health
2025/04/24 12:27:36 main.go:55: Received request for path: /health
2025/04/24 12:27:44 main.go:55: Received request for path: /health
2025/04/24 12:27:46 main.go:55: Received request for path: /health
2025/04/24 12:27:54 main.go:55: Received request for path: /health
2025/04/24 12:27:56 main.go:55: Received request for path: /health
2025/04/24 12:28:04 main.go:55: Received request for path: /health
2025/04/24 12:28:06 main.go:55: Received request for path: /health
2025/04/24 12:28:14 main.go:55: Received request for path: /health
2025/04/24 12:28:16 main.go:55: Received request for path: /health
2025/04/24 12:28:24 main.go:55: Received request for path: /health
2025/04/24 12:28:26 main.go:55: Received request for path: /health
2025/04/24 12:28:34 main.go:55: Received request for path: /health
2025/04/24 12:28:36 main.go:55: Received request for path: /health
2025/04/24 12:28:44 main.go:55: Received request for path: /health
2025/04/24 12:28:46 main.go:55: Received request for path: /health
2025/04/24 12:28:54 main.go:55: Received request for path: /health
2025/04/24 12:28:56 main.go:55: Received request for path: /health
2025/04/24 12:29:04 main.go:55: Received request for path: /health
2025/04/24 12:29:06 main.go:55: Received request for path: /health
2025/04/24 12:29:14 main.go:55: Received request for path: /health
2025/04/24 12:29:16 main.go:55: Received request for path: /health
2025/04/24 12:29:24 main.go:55: Received request for path: /health
2025/04/24 12:29:26 main.go:55: Received request for path: /health
2025/04/24 12:29:34 main.go:55: Received request for path: /health
2025/04/24 12:29:36 main.go:55: Received request for path: /health
2025/04/24 12:29:44 main.go:55: Received request for path: /health
2025/04/24 12:29:46 main.go:55: Received request for path: /health
2025/04/24 12:29:54 main.go:55: Received request for path: /health
2025/04/24 12:29:56 main.go:55: Received request for path: /health
2025/04/24 12:30:04 main.go:55: Received request for path: /health
2025/04/24 12:30:06 main.go:55: Received request for path: /health
2025/04/24 12:30:14 main.go:55: Received request for path: /health
2025/04/24 12:30:16 main.go:55: Received request for path: /health
2025/04/24 12:30:24 main.go:55: Received request for path: /health
2025/04/24 12:30:26 main.go:55: Received request for path: /health
2025/04/24 12:30:34 main.go:55: Received request for path: /health
2025/04/24 12:30:36 main.go:55: Received request for path: /health
2025/04/24 12:30:44 main.go:55: Received request for path: /health
2025/04/24 12:30:46 main.go:55: Received request for path: /health
2025/04/24 12:30:54 main.go:55: Received request for path: /health
2025/04/24 12:30:56 main.go:55: Received request for path: /health
2025/04/24 12:31:04 main.go:55: Received request for path: /health
2025/04/24 12:31:06 main.go:55: Received request for path: /health
2025/04/24 12:31:14 main.go:55: Received request for path: /health
2025/04/24 12:31:16 main.go:55: Received request for path: /health
2025/04/24 12:31:24 main.go:55: Received request for path: /health
2025/04/24 12:31:26 main.go:55: Received request for path: /health
2025/04/24 12:31:34 main.go:55: Received request for path: /health
2025/04/24 12:31:36 main.go:55: Received request for path: /health
2025/04/24 12:31:44 main.go:55: Received request for path: /health
2025/04/24 12:31:46 main.go:55: Received request for path: /health
2025/04/24 12:31:54 main.go:55: Received request for path: /health
2025/04/24 12:31:56 main.go:55: Received request for path: /health
2025/04/24 12:32:04 main.go:55: Received request for path: /health
2025/04/24 12:32:06 main.go:55: Received request for path: /health
2025/04/24 12:32:14 main.go:55: Received request for path: /health
2025/04/24 12:32:16 main.go:55: Received request for path: /health
2025/04/24 12:32:24 main.go:55: Received request for path: /health
2025/04/24 12:32:26 main.go:55: Received request for path: /health
2025/04/24 12:32:34 main.go:55: Received request for path: /health
2025/04/24 12:32:36 main.go:55: Received request for path: /health
2025/04/24 12:32:44 main.go:55: Received request for path: /health
2025/04/24 12:32:46 main.go:55: Received request for path: /health
2025/04/24 12:32:54 main.go:55: Received request for path: /health
2025/04/24 12:32:56 main.go:55: Received request for path: /health
2025/04/24 12:33:04 main.go:55: Received request for path: /health
2025/04/24 12:33:06 main.go:55: Received request for path: /health
2025/04/24 12:33:14 main.go:55: Received request for path: /health
2025/04/24 12:33:16 main.go:55: Received request for path: /health
2025/04/24 12:33:24 main.go:55: Received request for path: /health
2025/04/24 12:33:26 main.go:55: Received request for path: /health
2025/04/24 12:33:34 main.go:55: Received request for path: /health
2025/04/24 12:33:36 main.go:55: Received request for path: /health
2025/04/24 12:33:44 main.go:55: Received request for path: /health
2025/04/24 12:33:46 main.go:55: Received request for path: /health
2025/04/24 12:33:54 main.go:55: Received request for path: /health
2025/04/24 12:33:56 main.go:55: Received request for path: /health
2025/04/24 12:34:04 main.go:55: Received request for path: /health
2025/04/24 12:34:06 main.go:55: Received request for path: /health
2025/04/24 12:34:14 main.go:55: Received request for path: /health
2025/04/24 12:34:16 main.go:55: Received request for path: /health
2025/04/24 12:34:24 main.go:55: Received request for path: /health
2025/04/24 12:34:26 main.go:55: Received request for path: /health
2025/04/24 12:34:34 main.go:55: Received request for path: /health
2025/04/24 12:34:36 main.go:55: Received request for path: /health
2025/04/24 12:34:44 main.go:55: Received request for path: /health
2025/04/24 12:34:46 main.go:55: Received request for path: /health
2025/04/24 12:34:54 main.go:55: Received request for path: /health
2025/04/24 12:34:56 main.go:55: Received request for path: /health
2025/04/24 12:35:04 main.go:55: Received request for path: /health
2025/04/24 12:35:06 main.go:55: Received request for path: /health
2025/04/24 12:35:14 main.go:55: Received request for path: /health
2025/04/24 12:35:16 main.go:55: Received request for path: /health
2025/04/24 12:35:24 main.go:55: Received request for path: /health
2025/04/24 12:35:26 main.go:55: Received request for path: /health
2025/04/24 12:35:34 main.go:55: Received request for path: /health
2025/04/24 12:35:36 main.go:55: Received request for path: /health
2025/04/24 12:35:44 main.go:55: Received request for path: /health
2025/04/24 12:35:46 main.go:55: Received request for path: /health
2025/04/24 12:35:54 main.go:55: Received request for path: /health
2025/04/24 12:35:56 main.go:55: Received request for path: /health
2025/04/24 12:36:04 main.go:55: Received request for path: /health
2025/04/24 12:36:06 main.go:55: Received request for path: /health
2025/04/24 12:36:14 main.go:55: Received request for path: /health
2025/04/24 12:36:16 main.go:55: Received request for path: /health
2025/04/24 12:36:24 main.go:55: Received request for path: /health
2025/04/24 12:36:26 main.go:55: Received request for path: /health
2025/04/24 12:36:34 main.go:55: Received request for path: /health
2025/04/24 12:36:36 main.go:55: Received request for path: /health
2025/04/24 12:36:44 main.go:55: Received request for path: /health
2025/04/24 12:36:46 main.go:55: Received request for path: /health
2025/04/24 12:36:54 main.go:55: Received request for path: /health
2025/04/24 12:36:56 main.go:55: Received request for path: /health
2025/04/24 12:37:04 main.go:55: Received request for path: /health
2025/04/24 12:37:06 main.go:55: Received request for path: /health
2025/04/24 12:37:14 main.go:55: Received request for path: /health
2025/04/24 12:37:16 main.go:55: Received request for path: /health
2025/04/24 12:37:24 main.go:55: Received request for path: /health
2025/04/24 12:37:26 main.go:55: Received request for path: /health
2025/04/24 12:37:34 main.go:55: Received request for path: /health
2025/04/24 12:37:36 main.go:55: Received request for path: /health
2025/04/24 12:37:44 main.go:55: Received request for path: /health
2025/04/24 12:37:46 main.go:55: Received request for path: /health
2025/04/24 12:37:54 main.go:55: Received request for path: /health
2025/04/24 12:37:56 main.go:55: Received request for path: /health
2025/04/24 12:38:04 main.go:55: Received request for path: /health
2025/04/24 12:38:06 main.go:55: Received request for path: /health
2025/04/24 12:38:14 main.go:55: Received request for path: /health
2025/04/24 12:38:16 main.go:55: Received request for path: /health
2025/04/24 12:38:24 main.go:55: Received request for path: /health
2025/04/24 12:38:26 main.go:55: Received request for path: /health
2025/04/24 12:38:34 main.go:55: Received request for path: /health
2025/04/24 12:38:36 main.go:55: Received request for path: /health
2025/04/24 12:38:44 main.go:55: Received request for path: /health
2025/04/24 12:38:46 main.go:55: Received request for path: /health
2025/04/24 12:38:54 main.go:55: Received request for path: /health
2025/04/24 12:38:56 main.go:55: Received request for path: /health
2025/04/24 12:39:04 main.go:55: Received request for path: /health
2025/04/24 12:39:06 main.go:55: Received request for path: /health
2025/04/24 12:39:14 main.go:55: Received request for path: /health
2025/04/24 12:39:16 main.go:55: Received request for path: /health
2025/04/24 12:39:24 main.go:55: Received request for path: /health
2025/04/24 12:39:26 main.go:55: Received request for path: /health
2025/04/24 12:39:34 main.go:55: Received request for path: /health
2025/04/24 12:39:36 main.go:55: Received request for path: /health
2025/04/24 12:39:44 main.go:55: Received request for path: /health
2025/04/24 12:39:46 main.go:55: Received request for path: /health
2025/04/24 12:39:54 main.go:55: Received request for path: /health
2025/04/24 12:39:56 main.go:55: Received request for path: /health
2025/04/24 12:40:04 main.go:55: Received request for path: /health
2025/04/24 12:40:06 main.go:55: Received request for path: /health
2025/04/24 12:40:14 main.go:55: Received request for path: /health
2025/04/24 12:40:16 main.go:55: Received request for path: /health
2025/04/24 12:40:24 main.go:55: Received request for path: /health
2025/04/24 12:40:26 main.go:55: Received request for path: /health
2025/04/24 12:40:34 main.go:55: Received request for path: /health
2025/04/24 12:40:36 main.go:55: Received request for path: /health
2025/04/24 12:40:44 main.go:55: Received request for path: /health
2025/04/24 12:40:46 main.go:55: Received request for path: /health
2025/04/24 12:40:54 main.go:55: Received request for path: /health
2025/04/24 12:40:56 main.go:55: Received request for path: /health
2025/04/24 12:41:04 main.go:55: Received request for path: /health
2025/04/24 12:41:06 main.go:55: Received request for path: /health
2025/04/24 12:41:14 main.go:55: Received request for path: /health
2025/04/24 12:41:16 main.go:55: Received request for path: /health
2025/04/24 12:41:24 main.go:55: Received request for path: /health
2025/04/24 12:41:26 main.go:55: Received request for path: /health
2025/04/24 12:41:34 main.go:55: Received request for path: /health
2025/04/24 12:41:36 main.go:55: Received request for path: /health
2025/04/24 12:41:44 main.go:55: Received request for path: /health
2025/04/24 12:41:46 main.go:55: Received request for path: /health
2025/04/24 12:41:54 main.go:55: Received request for path: /health
2025/04/24 12:41:56 main.go:55: Received request for path: /health
2025/04/24 12:42:04 main.go:55: Received request for path: /health
2025/04/24 12:42:06 main.go:55: Received request for path: /health
2025/04/24 12:42:14 main.go:55: Received request for path: /health
2025/04/24 12:42:16 main.go:55: Received request for path: /health
2025/04/24 12:42:24 main.go:55: Received request for path: /health
2025/04/24 12:42:26 main.go:55: Received request for path: /health
2025/04/24 12:42:34 main.go:55: Received request for path: /health
2025/04/24 12:42:36 main.go:55: Received request for path: /health
2025/04/24 12:42:44 main.go:55: Received request for path: /health
2025/04/24 12:42:46 main.go:55: Received request for path: /health
2025/04/24 12:42:54 main.go:55: Received request for path: /health
2025/04/24 12:42:56 main.go:55: Received request for path: /health
2025/04/24 12:43:04 main.go:55: Received request for path: /health
2025/04/24 12:43:06 main.go:55: Received request for path: /health
2025/04/24 12:43:14 main.go:55: Received request for path: /health
2025/04/24 12:43:16 main.go:55: Received request for path: /health
2025/04/24 12:43:24 main.go:101: Shutting down server...
2025/04/24 12:43:24 main.go:110: Server exited, goodbye!
2025/04/24 12:43:58 main.go:93: Starting server on port 9100
2025/04/24 12:43:58 main.go:85: Starting gRPC server on port 9101
2025/04/24 12:44:08 main.go:55: Received request for path: /health
2025/04/24 12:44:08 main.go:55: Received request for path: /health
2025/04/24 12:44:18 main.go:55: Received request for path: /health
2025/04/24 12:44:18 main.go:55: Received request for path: /health
2025/04/24 12:44:28 main.go:55: Received request for path: /health
2025/04/24 12:44:28 mongo.go:33: Pinged current deployment. Auth Service successfully connected to MongoDB!
2025/04/24 12:44:28 main.go:55: Received request for path: /health
2025/04/24 12:44:38 main.go:55: Received request for path: /health
2025/04/24 12:44:38 main.go:55: Received request for path: /health
2025/04/24 12:44:48 main.go:55: Received request for path: /health
2025/04/24 12:44:48 main.go:55: Received request for path: /health
2025/04/24 12:44:58 main.go:55: Received request for path: /health
2025/04/24 12:44:58 main.go:55: Received request for path: /health
2025/04/24 12:45:08 main.go:55: Received request for path: /health
2025/04/24 12:45:08 main.go:55: Received request for path: /health
2025/04/24 12:45:18 main.go:55: Received request for path: /health
2025/04/24 12:45:18 main.go:55: Received request for path: /health
2025/04/24 12:45:28 main.go:55: Received request for path: /health
2025/04/24 12:45:28 main.go:55: Received request for path: /health
2025/04/24 12:45:38 main.go:55: Received request for path: /health
2025/04/24 12:45:38 main.go:55: Received request for path: /health
2025/04/24 12:45:48 main.go:55: Received request for path: /health
2025/04/24 12:45:48 main.go:55: Received request for path: /health
2025/04/24 12:45:58 main.go:55: Received request for path: /health
2025/04/24 12:45:58 main.go:55: Received request for path: /health
2025/04/24 12:46:08 main.go:55: Received request for path: /health
2025/04/24 12:46:08 main.go:55: Received request for path: /health
2025/04/24 12:46:18 main.go:55: Received request for path: /health
2025/04/24 12:46:18 main.go:55: Received request for path: /health
2025/04/24 12:46:28 main.go:55: Received request for path: /health
2025/04/24 12:46:28 main.go:55: Received request for path: /health
2025/04/24 12:46:38 main.go:55: Received request for path: /health
2025/04/24 12:46:38 main.go:55: Received request for path: /health
2025/04/24 12:46:48 main.go:55: Received request for path: /health
2025/04/24 12:46:48 main.go:55: Received request for path: /health
2025/04/24 12:46:58 main.go:55: Received request for path: /health
2025/04/24 12:46:58 main.go:55: Received request for path: /health
2025/04/24 12:47:08 main.go:55: Received request for path: /health
2025/04/24 12:47:08 main.go:55: Received request for path: /health
2025/04/24 12:47:18 main.go:55: Received request for path: /health
2025/04/24 12:47:18 main.go:55: Received request for path: /health
2025/04/24 12:47:28 main.go:55: Received request for path: /health
2025/04/24 12:47:28 main.go:55: Received request for path: /health
2025/04/24 12:47:38 main.go:55: Received request for path: /health
2025/04/24 12:47:38 main.go:55: Received request for path: /health
2025/04/24 12:47:48 main.go:55: Received request for path: /health
2025/04/24 12:47:48 main.go:55: Received request for path: /health
2025/04/24 12:47:58 main.go:55: Received request for path: /health
2025/04/24 12:47:58 main.go:55: Received request for path: /health
2025/04/24 12:48:08 main.go:55: Received request for path: /health
2025/04/24 12:48:08 main.go:55: Received request for path: /health
2025/04/24 12:48:18 main.go:55: Received request for path: /health
2025/04/24 12:48:18 main.go:55: Received request for path: /health
2025/04/24 12:48:23 main.go:101: Shutting down server...
2025/04/24 12:48:23 main.go:110: Server exited, goodbye!
2025/04/24 16:35:41 main.go:93: Starting server on port 9100
2025/04/24 16:35:41 main.go:85: Starting gRPC server on port 9101
2025/04/24 16:35:51 main.go:55: Received request for path: /health
2025/04/24 16:35:51 main.go:55: Received request for path: /health
2025/04/24 16:36:01 main.go:55: Received request for path: /health
2025/04/24 16:36:01 main.go:55: Received request for path: /health
2025/04/24 16:36:09 main.go:101: Shutting down server...
2025/04/24 16:36:09 main.go:110: Server exited, goodbye!
2025/04/24 16:42:04 main.go:98: Starting server on port 9100
2025/04/24 16:42:04 main.go:90: Starting gRPC server on port 9101
2025/04/24 16:42:34 mongo.go:33: Pinged current deployment. Auth Service successfully connected to MongoDB!
2025/04/24 16:55:57 main.go:106: Shutting down server...
2025/04/24 16:55:57 main.go:115: Server exited, goodbye!
2025/04/24 16:57:29 main.go:98: Starting server on port 9100
2025/04/24 16:57:29 main.go:90: Starting gRPC server on port 9101
2025/04/24 16:57:59 mongo.go:33: Pinged current deployment. Auth Service successfully connected to MongoDB!
2025/04/24 17:07:03 main.go:106: Shutting down server...
2025/04/24 17:07:03 main.go:115: Server exited, goodbye!
2025/04/24 17:08:12 main.go:111: Starting server on port 9100
2025/04/24 17:08:12 main.go:103: Starting gRPC server on port 9101
2025/04/24 17:08:42 mongo.go:33: Pinged current deployment. Auth Service successfully connected to MongoDB!
2025/04/24 17:08:47 main.go:63: Received request for path: /auth
2025/04/24 17:08:47 consul.go:131: Found 2 instances of service middleware (ConsulIndex: 971)
2025/04/24 17:08:47 consul.go:162: Using service address: middleware:9201 (protocol: grpc)
2025/04/24 17:08:47 session-sender.go:65: Error sending session: rpc error: code = Unimplemented desc = unknown service auth.AuthService
