2025/04/24 16:42:04 main.go:83: Starting server on port 9200
2025/04/24 16:42:04 main.go:75: Starting gRPC server on port 9201
2025/04/24 16:42:13 main.go:54: Received request for path: /health
2025/04/24 16:42:23 main.go:54: Received request for path: /health
2025/04/24 16:42:33 main.go:54: Received request for path: /health
2025/04/24 16:42:43 main.go:54: Received request for path: /health
2025/04/24 16:42:53 main.go:54: Received request for path: /health
2025/04/24 16:43:03 main.go:54: Received request for path: /health
2025/04/24 16:43:13 main.go:54: Received request for path: /health
2025/04/24 16:43:23 main.go:54: Received request for path: /health
2025/04/24 16:43:33 main.go:54: Received request for path: /health
2025/04/24 16:43:44 main.go:54: Received request for path: /health
2025/04/24 16:43:54 main.go:54: Received request for path: /health
2025/04/24 16:44:04 main.go:54: Received request for path: /health
2025/04/24 16:44:14 main.go:54: Received request for path: /health
2025/04/24 16:44:24 main.go:54: Received request for path: /health
2025/04/24 16:44:34 main.go:54: Received request for path: /health
2025/04/24 16:44:44 main.go:54: Received request for path: /health
2025/04/24 16:44:54 main.go:54: Received request for path: /health
2025/04/24 16:45:04 main.go:54: Received request for path: /health
2025/04/24 16:45:14 main.go:54: Received request for path: /health
2025/04/24 16:45:24 main.go:54: Received request for path: /health
2025/04/24 16:45:34 main.go:54: Received request for path: /health
2025/04/24 16:45:44 main.go:54: Received request for path: /health
2025/04/24 16:45:54 main.go:54: Received request for path: /health
2025/04/24 16:46:04 main.go:54: Received request for path: /health
2025/04/24 16:46:14 main.go:54: Received request for path: /health
2025/04/24 16:46:24 main.go:54: Received request for path: /health
2025/04/24 16:46:34 main.go:54: Received request for path: /health
2025/04/24 16:46:44 main.go:54: Received request for path: /health
2025/04/24 16:46:54 main.go:54: Received request for path: /health
2025/04/24 16:47:04 main.go:54: Received request for path: /health
2025/04/24 16:47:14 main.go:54: Received request for path: /health
2025/04/24 16:47:24 main.go:54: Received request for path: /health
2025/04/24 16:47:34 main.go:54: Received request for path: /health
2025/04/24 16:47:44 main.go:54: Received request for path: /health
2025/04/24 16:47:54 main.go:54: Received request for path: /health
2025/04/24 16:48:04 main.go:54: Received request for path: /health
2025/04/24 16:48:14 main.go:54: Received request for path: /health
2025/04/24 16:48:24 main.go:54: Received request for path: /health
2025/04/24 16:48:34 main.go:54: Received request for path: /health
2025/04/24 16:48:44 main.go:54: Received request for path: /health
2025/04/24 16:48:54 main.go:54: Received request for path: /health
2025/04/24 16:49:04 main.go:54: Received request for path: /health
2025/04/24 16:49:14 main.go:54: Received request for path: /health
2025/04/24 16:49:24 main.go:54: Received request for path: /health
2025/04/24 16:49:34 main.go:54: Received request for path: /health
2025/04/24 16:49:44 main.go:54: Received request for path: /health
2025/04/24 16:49:54 main.go:54: Received request for path: /health
2025/04/24 16:50:04 main.go:54: Received request for path: /health
2025/04/24 16:50:14 main.go:54: Received request for path: /health
2025/04/24 16:50:24 main.go:54: Received request for path: /health
2025/04/24 16:50:34 main.go:54: Received request for path: /health
2025/04/24 16:50:44 main.go:54: Received request for path: /health
2025/04/24 16:50:54 main.go:54: Received request for path: /health
2025/04/24 16:51:04 main.go:54: Received request for path: /health
2025/04/24 16:51:14 main.go:54: Received request for path: /health
2025/04/24 16:51:24 main.go:54: Received request for path: /health
2025/04/24 16:51:34 main.go:54: Received request for path: /health
2025/04/24 16:51:44 main.go:54: Received request for path: /health
2025/04/24 16:51:54 main.go:54: Received request for path: /health
2025/04/24 16:52:04 main.go:54: Received request for path: /health
2025/04/24 16:52:14 main.go:54: Received request for path: /health
2025/04/24 16:52:24 main.go:54: Received request for path: /health
2025/04/24 16:52:34 main.go:54: Received request for path: /health
2025/04/24 16:52:44 main.go:54: Received request for path: /health
2025/04/24 16:52:54 main.go:54: Received request for path: /health
2025/04/24 16:53:04 main.go:54: Received request for path: /health
2025/04/24 16:53:14 main.go:54: Received request for path: /health
2025/04/24 16:53:24 main.go:54: Received request for path: /health
2025/04/24 16:53:34 main.go:54: Received request for path: /health
2025/04/24 16:53:44 main.go:54: Received request for path: /health
2025/04/24 16:53:54 main.go:54: Received request for path: /health
2025/04/24 16:54:04 main.go:54: Received request for path: /health
2025/04/24 16:54:14 main.go:54: Received request for path: /health
2025/04/24 16:54:24 main.go:54: Received request for path: /health
2025/04/24 16:54:34 main.go:54: Received request for path: /health
2025/04/24 16:54:44 main.go:54: Received request for path: /health
2025/04/24 16:54:54 main.go:54: Received request for path: /health
2025/04/24 16:55:04 main.go:54: Received request for path: /health
2025/04/24 16:55:14 main.go:54: Received request for path: /health
2025/04/24 16:55:24 main.go:54: Received request for path: /health
2025/04/24 16:55:34 main.go:54: Received request for path: /health
2025/04/24 16:55:44 main.go:54: Received request for path: /health
2025/04/24 16:55:54 main.go:54: Received request for path: /health
2025/04/24 16:55:57 main.go:91: Shutting down server...
2025/04/24 16:55:57 main.go:100: Server exited, goodbye!
2025/04/24 16:57:29 main.go:83: Starting server on port 9200
2025/04/24 16:57:29 main.go:75: Starting gRPC server on port 9201
2025/04/24 16:57:34 main.go:54: Received request for path: /health
2025/04/24 16:57:44 main.go:54: Received request for path: /health
2025/04/24 16:57:54 main.go:54: Received request for path: /health
2025/04/24 16:58:04 main.go:54: Received request for path: /health
2025/04/24 16:58:14 main.go:54: Received request for path: /health
2025/04/24 16:58:24 main.go:54: Received request for path: /health
2025/04/24 16:58:34 main.go:54: Received request for path: /health
2025/04/24 16:58:44 main.go:54: Received request for path: /health
2025/04/24 16:58:54 main.go:54: Received request for path: /health
2025/04/24 16:59:04 main.go:54: Received request for path: /health
2025/04/24 16:59:14 main.go:54: Received request for path: /health
2025/04/24 16:59:24 main.go:54: Received request for path: /health
2025/04/24 16:59:34 main.go:54: Received request for path: /health
2025/04/24 16:59:44 main.go:54: Received request for path: /health
2025/04/24 16:59:54 main.go:54: Received request for path: /health
2025/04/24 17:00:04 main.go:54: Received request for path: /health
2025/04/24 17:00:14 main.go:54: Received request for path: /health
2025/04/24 17:00:24 main.go:54: Received request for path: /health
2025/04/24 17:00:34 main.go:54: Received request for path: /health
2025/04/24 17:00:44 main.go:54: Received request for path: /health
2025/04/24 17:00:54 main.go:54: Received request for path: /health
2025/04/24 17:01:04 main.go:54: Received request for path: /health
2025/04/24 17:01:14 main.go:54: Received request for path: /health
2025/04/24 17:01:24 main.go:54: Received request for path: /health
2025/04/24 17:01:34 main.go:54: Received request for path: /health
2025/04/24 17:01:44 main.go:54: Received request for path: /health
2025/04/24 17:01:54 main.go:54: Received request for path: /health
2025/04/24 17:02:04 main.go:54: Received request for path: /health
2025/04/24 17:02:14 main.go:54: Received request for path: /health
2025/04/24 17:02:24 main.go:54: Received request for path: /health
2025/04/24 17:02:34 main.go:54: Received request for path: /health
2025/04/24 17:02:44 main.go:54: Received request for path: /health
2025/04/24 17:02:54 main.go:54: Received request for path: /health
2025/04/24 17:03:04 main.go:54: Received request for path: /health
2025/04/24 17:03:14 main.go:54: Received request for path: /health
2025/04/24 17:03:24 main.go:54: Received request for path: /health
2025/04/24 17:03:34 main.go:54: Received request for path: /health
2025/04/24 17:03:44 main.go:54: Received request for path: /health
2025/04/24 17:03:54 main.go:54: Received request for path: /health
2025/04/24 17:04:04 main.go:54: Received request for path: /health
2025/04/24 17:04:14 main.go:54: Received request for path: /health
2025/04/24 17:04:24 main.go:54: Received request for path: /health
2025/04/24 17:04:34 main.go:54: Received request for path: /health
2025/04/24 17:04:44 main.go:54: Received request for path: /health
2025/04/24 17:04:54 main.go:54: Received request for path: /health
2025/04/24 17:05:04 main.go:54: Received request for path: /health
2025/04/24 17:05:14 main.go:54: Received request for path: /health
2025/04/24 17:05:24 main.go:54: Received request for path: /health
2025/04/24 17:05:34 main.go:54: Received request for path: /health
2025/04/24 17:05:44 main.go:54: Received request for path: /health
2025/04/24 17:05:54 main.go:54: Received request for path: /health
2025/04/24 17:06:04 main.go:54: Received request for path: /health
2025/04/24 17:06:14 main.go:54: Received request for path: /health
2025/04/24 17:06:24 main.go:54: Received request for path: /health
2025/04/24 17:06:34 main.go:54: Received request for path: /health
2025/04/24 17:06:44 main.go:54: Received request for path: /health
2025/04/24 17:06:54 main.go:54: Received request for path: /health
2025/04/24 17:07:03 main.go:91: Shutting down server...
2025/04/24 17:07:03 main.go:100: Server exited, goodbye!
2025/04/24 17:08:12 main.go:83: Starting server on port 9200
2025/04/24 17:08:12 main.go:75: Starting gRPC server on port 9201
2025/04/24 17:08:19 main.go:54: Received request for path: /health
2025/04/24 17:08:29 main.go:54: Received request for path: /health
2025/04/24 17:08:39 main.go:54: Received request for path: /health
2025/04/24 17:08:49 main.go:54: Received request for path: /health
2025/04/24 17:08:59 main.go:54: Received request for path: /health
2025/04/24 17:09:09 main.go:54: Received request for path: /health
2025/04/24 17:09:19 main.go:54: Received request for path: /health
2025/04/24 17:09:29 main.go:54: Received request for path: /health
2025/04/24 17:09:39 main.go:54: Received request for path: /health
2025/04/24 17:09:49 main.go:54: Received request for path: /health
2025/04/24 17:09:59 main.go:54: Received request for path: /health
2025/04/24 17:10:09 main.go:54: Received request for path: /health
2025/04/24 17:10:19 main.go:54: Received request for path: /health
2025/04/24 17:10:29 main.go:54: Received request for path: /health
2025/04/24 17:10:39 main.go:54: Received request for path: /health
2025/04/24 17:10:49 main.go:54: Received request for path: /health
2025/04/24 17:10:59 main.go:54: Received request for path: /health
2025/04/24 17:11:09 main.go:54: Received request for path: /health
2025/04/24 17:11:19 main.go:54: Received request for path: /health
2025/04/24 17:11:29 main.go:54: Received request for path: /health
2025/04/24 17:11:39 main.go:54: Received request for path: /health
2025/04/24 17:11:49 main.go:54: Received request for path: /health
2025/04/24 17:11:59 main.go:54: Received request for path: /health
